elseif(cvar(1:lv).eq.'ccn_dry_AOD_550') then
elseif(cvar(1:lv).eq.'ccn_wet_AOD_550') then
elseif(cvar(1:lv).eq.'dust1_dry_AOD_550') then
elseif(cvar(1:lv).eq.'dust1_wet_AOD_550') then
elseif(cvar(1:lv).eq.'dust2_dry_AOD_550') then
elseif(cvar(1:lv).eq.'dust2_wet_AOD_550') then
elseif(cvar(1:lv).eq.'regen_aero1_dry_AOD_550') then
elseif(cvar(1:lv).eq.'regen_aero1_wet_AOD_550') then
elseif(cvar(1:lv).eq.'regen_aero2_dry_AOD_550') then
elseif(cvar(1:lv).eq.'regen_aero2_wet_AOD_550') then
elseif(cvar(1:lv).eq.'salt_film_dry_AOD_550') then
elseif(cvar(1:lv).eq.'salt_film_wet_AOD_550') then
elseif(cvar(1:lv).eq.'salt_jet_dry_AOD_550') then
elseif(cvar(1:lv).eq.'salt_jet_wet_AOD_550') then
elseif(cvar(1:lv).eq.'salt_spume_dry_AOD_550') then
elseif(cvar(1:lv).eq.'salt_spume_wet_AOD_550') then
elseif(cvar(1:lv).eq.'Total_dry_AOD_550') then
elseif(cvar(1:lv).eq.'Total_wet_AOD_550') then
elseif(cvar(1:lv).eq.'ccn_dry_ext_550') then
elseif(cvar(1:lv).eq.'ccn_wet_ext_550') then
elseif(cvar(1:lv).eq.'dust1_dry_ext_550') then
elseif(cvar(1:lv).eq.'dust1_wet_ext_550') then
elseif(cvar(1:lv).eq.'dust2_dry_ext_550') then
elseif(cvar(1:lv).eq.'dust2_wet_ext_550') then
elseif(cvar(1:lv).eq.'regen_aero1_dry_ext_550') then
elseif(cvar(1:lv).eq.'regen_aero1_wet_ext_550') then
elseif(cvar(1:lv).eq.'regen_aero2_dry_ext_550') then
elseif(cvar(1:lv).eq.'regen_aero2_wet_ext_550') then
elseif(cvar(1:lv).eq.'salt_film_dry_ext_550') then
elseif(cvar(1:lv).eq.'salt_film_wet_ext_550') then
elseif(cvar(1:lv).eq.'salt_jet_dry_ext_550') then
elseif(cvar(1:lv).eq.'salt_jet_wet_ext_550') then
elseif(cvar(1:lv).eq.'salt_spume_dry_ext_550') then
elseif(cvar(1:lv).eq.'salt_spume_wet_ext_550') then
elseif(cvar(1:lv).eq.'Total_dry_ext_550') then
elseif(cvar(1:lv).eq.'Total_wet_ext_550') then
elseif(cvar(1:lv).eq.'u') then
elseif(cvar(1:lv).eq.'v') then
elseif(cvar(1:lv).eq.'u_avg') then
elseif(cvar(1:lv).eq.'v_avg') then
elseif(cvar(1:lv).eq.'ue') then
elseif(cvar(1:lv).eq.'ve') then
elseif(cvar(1:lv).eq.'ue_avg') then
elseif(cvar(1:lv).eq.'ve_avg') then
elseif(cvar(1:lv).eq.'w') then
elseif(cvar(1:lv).eq.'wcms') then
elseif(cvar(1:lv).eq.'w_avg') then
elseif(cvar(1:lv).eq.'speed') then
elseif(cvar(1:lv).eq.'speed_mph') then
elseif(cvar(1:lv).eq.'speed10m') then
elseif(cvar(1:lv).eq.'direction') then
elseif(cvar(1:lv).eq.'relvortx') then
elseif(cvar(1:lv).eq.'relvorty') then
elseif(cvar(1:lv).eq.'relvortz') then
elseif(cvar(1:lv).eq.'absvortz') then
elseif(cvar(1:lv).eq.'potvortz') then
elseif(cvar(1:lv).eq.'horiz_div') then
elseif(cvar(1:lv).eq.'pi') then
elseif(cvar(1:lv).eq.'press') then
elseif(cvar(1:lv).eq.'pprime') then
elseif(cvar(1:lv).eq.'theta_il') then
elseif(cvar(1:lv).eq.'theta') then
elseif(cvar(1:lv).eq.'dn0') then
elseif(cvar(1:lv).eq.'pi0') then
elseif(cvar(1:lv).eq.'th0') then
elseif(cvar(1:lv).eq.'pert_pressure') then
elseif(cvar(1:lv).eq.'tempk') then
elseif(cvar(1:lv).eq.'tempc') then
elseif(cvar(1:lv).eq.'tempf') then
elseif(cvar(1:lv).eq.'theta_e') then
elseif(cvar(1:lv).eq.'theta_v') then
elseif(cvar(1:lv).eq.'theta_rho') then
elseif(cvar(1:lv).eq.'buoyancy_liquid') then
elseif(cvar(1:lv).eq.'tempf2m') then
elseif(cvar(1:lv).eq.'tempc2m') then
elseif(cvar(1:lv).eq.'cloud_gam_dm') then
elseif(cvar(1:lv).eq.'cloud_gam_d0') then
elseif(cvar(1:lv).eq.'rain_gam_dm') then
elseif(cvar(1:lv).eq.'rain_gam_d0') then
elseif(cvar(1:lv).eq.'rain_gam_lognw') then
elseif(cvar(1:lv).eq.'rain_gam_sigma') then
elseif(cvar(1:lv).eq.'pris_gam_dm') then
elseif(cvar(1:lv).eq.'pris_gam_d0') then
elseif(cvar(1:lv).eq.'snow_gam_dm') then
elseif(cvar(1:lv).eq.'snow_gam_d0') then
elseif(cvar(1:lv).eq.'snow_gam_lognw') then
elseif(cvar(1:lv).eq.'snow_gam_sigma') then
elseif(cvar(1:lv).eq.'aggr_gam_dm') then
elseif(cvar(1:lv).eq.'aggr_gam_d0') then
elseif(cvar(1:lv).eq.'aggr_gam_lognw') then
elseif(cvar(1:lv).eq.'aggr_gam_sigma') then
elseif(cvar(1:lv).eq.'grau_gam_dm') then
elseif(cvar(1:lv).eq.'grau_gam_d0') then
elseif(cvar(1:lv).eq.'grau_gam_lognw') then
elseif(cvar(1:lv).eq.'grau_gam_sigma') then
elseif(cvar(1:lv).eq.'hail_gam_dm') then
elseif(cvar(1:lv).eq.'hail_gam_d0') then
elseif(cvar(1:lv).eq.'hail_gam_lognw') then
elseif(cvar(1:lv).eq.'hail_gam_sigma') then
elseif(cvar(1:lv).eq.'driz_gam_dm') then
elseif(cvar(1:lv).eq.'driz_gam_d0') then
elseif(cvar(1:lv).eq.'vapr_press') then
elseif(cvar(1:lv).eq.'rslf') then
elseif(cvar(1:lv).eq.'rsif') then
elseif(cvar(1:lv).eq.'vapor') then
elseif(cvar(1:lv).eq.'vapor_m3') then
elseif(cvar(1:lv).eq.'cloud') then
elseif(cvar(1:lv).eq.'cloud_m3') then
elseif(cvar(1:lv).eq.'rain') then
elseif(cvar(1:lv).eq.'rain_m3') then
elseif(cvar(1:lv).eq.'pristine') then
elseif(cvar(1:lv).eq.'pristine_m3') then
elseif(cvar(1:lv).eq.'snow') then
elseif(cvar(1:lv).eq.'snow_m3') then
elseif(cvar(1:lv).eq.'aggregates') then
elseif(cvar(1:lv).eq.'aggregates_m3') then
elseif(cvar(1:lv).eq.'graupel') then
elseif(cvar(1:lv).eq.'graupel_m3') then
elseif(cvar(1:lv).eq.'hail') then
elseif(cvar(1:lv).eq.'hail_m3') then
elseif(cvar(1:lv).eq.'drizzle') then
elseif(cvar(1:lv).eq.'drizzle_m3') then
elseif(cvar(1:lv).eq.'prissnowagg') then
elseif(cvar(1:lv).eq.'grauphail') then
elseif(cvar(1:lv).eq.'liquid') then
elseif(cvar(1:lv).eq.'ice') then
elseif(cvar(1:lv).eq.'total_cond' .or. cvar(1:lv).eq.'total_cond_m3') then
elseif(cvar(1:lv).eq.'total_mixr') then
elseif(cvar(1:lv).eq.'total_mixr_m3') then
elseif(cvar(1:lv).eq.'ctop_tempc_sstbase') then
elseif(cvar(1:lv).eq.'ctop_tempc_nobase') then
elseif(cvar(1:lv).eq.'dewptk') then
elseif(cvar(1:lv).eq.'dewptf') then
elseif(cvar(1:lv).eq.'dewptc') then
elseif(cvar(1:lv).eq.'relhum') then
elseif(cvar(1:lv).eq.'relhum_frac') then
elseif(cvar(1:lv).eq.'clear_frac') then
elseif(cvar(1:lv).eq.'cloud_frac') then
elseif(cvar(1:lv).eq.'cloud_concen_mg') then
elseif(cvar(1:lv).eq.'cloud_concen_kg') then
elseif(cvar(1:lv).eq.'rain_concen_kg') then
elseif(cvar(1:lv).eq.'pris_concen_mg') then
elseif(cvar(1:lv).eq.'pris_concen_kg') then
elseif(cvar(1:lv).eq.'snow_concen_kg') then
elseif(cvar(1:lv).eq.'agg_concen_kg') then
elseif(cvar(1:lv).eq.'graup_concen_kg') then
elseif(cvar(1:lv).eq.'hail_concen_kg') then
elseif(cvar(1:lv).eq.'drizzle_concen_mg') then
elseif(cvar(1:lv).eq.'drizzle_concen_kg') then
elseif(cvar(1:lv).eq.'cloud_concen_cm3') then
elseif(cvar(1:lv).eq.'rain_concen_m3') then
elseif(cvar(1:lv).eq.'rain_concen_dm3') then
elseif(cvar(1:lv).eq.'pris_concen_m3') then
elseif(cvar(1:lv).eq.'pris_concen_cm3') then
elseif(cvar(1:lv).eq.'snow_concen_m3') then
elseif(cvar(1:lv).eq.'snow_concen_cm3') then
elseif(cvar(1:lv).eq.'agg_concen_m3') then
elseif(cvar(1:lv).eq.'graup_concen_m3') then
elseif(cvar(1:lv).eq.'hail_concen_m3') then
elseif(cvar(1:lv).eq.'drizzle_concen_cm3') then
elseif(cvar(1:lv).eq.'ice_plates') then
elseif(cvar(1:lv).eq.'ice_columns') then
elseif(cvar(1:lv).eq.'ice_dendrites') then
elseif(cvar(1:lv).eq.'plates_concen_mg') then
elseif(cvar(1:lv).eq.'plates_concen_kg') then
elseif(cvar(1:lv).eq.'columns_concen_mg') then
elseif(cvar(1:lv).eq.'columns_concen_kg') then
elseif(cvar(1:lv).eq.'dendrites_concen_mg') then
elseif(cvar(1:lv).eq.'dendrites_concen_kg') then
elseif(cvar(1:lv).eq.'pcpvip') then
elseif(cvar(1:lv).eq.'pcpvic') then
elseif(cvar(1:lv).eq.'pcpvid') then
elseif(cvar(1:lv).eq.'pcprip') then
elseif(cvar(1:lv).eq.'pcpric') then
elseif(cvar(1:lv).eq.'pcprid') then
elseif(cvar(1:lv).eq.'accpip') then
elseif(cvar(1:lv).eq.'accpic') then
elseif(cvar(1:lv).eq.'accpid') then
elseif(cvar(1:lv).eq.'ifn_concen_mg') then
elseif(cvar(1:lv).eq.'ifn_concen_cm3') then
elseif(cvar(1:lv).eq.'ccn_concen_mg') then
elseif(cvar(1:lv).eq.'ccn_concen_cm3') then
elseif(cvar(1:lv).eq.'gccn_concen_mg') then
elseif(cvar(1:lv).eq.'gccn_concen_cm3') then
elseif(cvar(1:lv).eq.'dust1_concen') then
elseif(cvar(1:lv).eq.'dust2_concen') then
elseif(cvar(1:lv).eq.'salt_film_concen') then
elseif(cvar(1:lv).eq.'salt_jet_concen') then
elseif(cvar(1:lv).eq.'salt_spume_concen') then
elseif(cvar(1:lv).eq.'regen_aero1_concen') then
elseif(cvar(1:lv).eq.'regen_aero2_concen') then
elseif(cvar(1:lv).eq.'ccn_mass') then
elseif(cvar(1:lv).eq.'gccn_mass') then
elseif(cvar(1:lv).eq.'dust1_mass') then
elseif(cvar(1:lv).eq.'dust1_massd10') then
elseif(cvar(1:lv).eq.'dust2_mass') then
elseif(cvar(1:lv).eq.'dust2_massd10') then
elseif(cvar(1:lv).eq.'salt_film_mass') then
elseif(cvar(1:lv).eq.'salt_jet_mass') then
elseif(cvar(1:lv).eq.'salt_spume_mass') then
elseif(cvar(1:lv).eq.'regen_aero1_mass') then
elseif(cvar(1:lv).eq.'regen_aero2_mass') then
elseif(cvar(1:lv).eq.'resol_aero1_mass') then
elseif(cvar(1:lv).eq.'resol_aero2_mass') then
elseif(cvar(1:lv).eq.'regen1_epsilon') then
elseif(cvar(1:lv).eq.'regen2_epsilon') then
elseif(cvar(1:lv).eq.'ccn_medrad') then
elseif(cvar(1:lv).eq.'gccn_medrad') then
elseif(cvar(1:lv).eq.'dust1_medrad') then
elseif(cvar(1:lv).eq.'dust2_medrad') then
elseif(cvar(1:lv).eq.'salt_film_medrad') then
elseif(cvar(1:lv).eq.'salt_jet_medrad') then
elseif(cvar(1:lv).eq.'salt_spume_medrad') then
elseif(cvar(1:lv).eq.'regen_aero1_medrad') then
elseif(cvar(1:lv).eq.'regen_aero2_medrad') then
elseif(cvar(1:lv).eq.'aerosol_cloud_mass') then
elseif(cvar(1:lv).eq.'aerosol_rain_mass') then
elseif(cvar(1:lv).eq.'aerosol_pris_mass') then
elseif(cvar(1:lv).eq.'aerosol_snow_mass') then
elseif(cvar(1:lv).eq.'aerosol_aggr_mass') then
elseif(cvar(1:lv).eq.'aerosol_grau_mass') then
elseif(cvar(1:lv).eq.'aerosol_hail_mass') then
elseif(cvar(1:lv).eq.'aerosol_driz_mass') then
elseif(cvar(1:lv).eq.'aerosol_hydro_mass') then
elseif(cvar(1:lv).eq.'soluble_cloud_mass') then
elseif(cvar(1:lv).eq.'soluble_rain_mass') then
elseif(cvar(1:lv).eq.'soluble_pris_mass') then
elseif(cvar(1:lv).eq.'soluble_snow_mass') then
elseif(cvar(1:lv).eq.'soluble_aggr_mass') then
elseif(cvar(1:lv).eq.'soluble_grau_mass') then
elseif(cvar(1:lv).eq.'soluble_hail_mass') then
elseif(cvar(1:lv).eq.'soluble_driz_mass') then
elseif(cvar(1:lv).eq.'soluble_hydro_mass') then
elseif(cvar(1:lv).eq.'aero_epsilon') then
elseif(cvar(1:lv).eq.'dust_cloud_mass') then
elseif(cvar(1:lv).eq.'dust_rain_mass') then
elseif(cvar(1:lv).eq.'dust_pris_mass') then
elseif(cvar(1:lv).eq.'dust_snow_mass') then
elseif(cvar(1:lv).eq.'dust_aggr_mass') then
elseif(cvar(1:lv).eq.'dust_grau_mass') then
elseif(cvar(1:lv).eq.'dust_hail_mass') then
elseif(cvar(1:lv).eq.'dust_driz_mass') then
elseif(cvar(1:lv).eq.'dust_hydro_mass') then
elseif(cvar(1:lv).eq.'dustifn_cloud_mass') then
elseif(cvar(1:lv).eq.'dustifn_rain_mass') then
elseif(cvar(1:lv).eq.'dustifn_pris_mass') then
elseif(cvar(1:lv).eq.'dustifn_snow_mass') then
elseif(cvar(1:lv).eq.'dustifn_aggr_mass') then
elseif(cvar(1:lv).eq.'dustifn_grau_mass') then
elseif(cvar(1:lv).eq.'dustifn_hail_mass') then
elseif(cvar(1:lv).eq.'dustifn_driz_mass') then
elseif(cvar(1:lv).eq.'dustifn_hydro_mass') then
elseif(cvar(1:lv).eq.'ifn_nuc_numtrack') then
elseif(cvar(1:lv).eq.'ifn_incloud') then
elseif(cvar(1:lv).eq.'ifn_indriz') then
elseif(cvar(1:lv).eq.'ifn_inrain') then
elseif(cvar(1:lv).eq.'wp_advdif') then       ! 1 - instant
elseif(cvar(1:lv).eq.'wp_buoy_theta') then       ! 1 - instant
elseif(cvar(1:lv).eq.'wp_buoy_cond') then       ! 1 - instant
elseif(cvar(1:lv).eq.'latheatvap') then
elseif(cvar(1:lv).eq.'latheatfrz') then
elseif(cvar(1:lv).eq.'nuccldr') then
elseif(cvar(1:lv).eq.'cld2rain') then
elseif(cvar(1:lv).eq.'ice2rain') then
elseif(cvar(1:lv).eq.'nucicer') then
elseif(cvar(1:lv).eq.'vapliq') then
elseif(cvar(1:lv).eq.'vapice') then
elseif(cvar(1:lv).eq.'meltice') then
elseif(cvar(1:lv).eq.'rimecld') then
elseif(cvar(1:lv).eq.'rain2ice') then
elseif(cvar(1:lv).eq.'aggregate') then
elseif(cvar(1:lv).eq.'nuccldrt') then
elseif(cvar(1:lv).eq.'cld2raint') then
elseif(cvar(1:lv).eq.'ice2raint') then
elseif(cvar(1:lv).eq.'nucicert') then
elseif(cvar(1:lv).eq.'vapliqt') then ! can be -/+ for evap vs vapdep
elseif(cvar(1:lv).eq.'vapicet') then ! can be -/+ for evap vs vapdep
elseif(cvar(1:lv).eq.'melticet') then
elseif(cvar(1:lv).eq.'rimecldt') then
elseif(cvar(1:lv).eq.'rain2icet') then
elseif(cvar(1:lv).eq.'aggregatet') then
elseif(cvar(1:lv).eq.'latheatvapt') then
elseif(cvar(1:lv).eq.'latheatfrzt') then
elseif(cvar(1:lv).eq.'inuchomrt') then
elseif(cvar(1:lv).eq.'inuccontrt') then
elseif(cvar(1:lv).eq.'inucifnrt') then
elseif(cvar(1:lv).eq.'inuchazrt') then
elseif(cvar(1:lv).eq.'vapcldt') then ! can be -/+ for evap vs vapdep
elseif(cvar(1:lv).eq.'vapraint') then ! can be -/+ for evap vs vapdep
elseif(cvar(1:lv).eq.'vapprist') then ! can be -/+ for evap vs vapdep
elseif(cvar(1:lv).eq.'vapsnowt') then ! can be -/+ for evap vs vapdep
elseif(cvar(1:lv).eq.'vapaggrt') then ! can be -/+ for evap vs vapdep
elseif(cvar(1:lv).eq.'vapgraut') then ! can be -/+ for evap vs vapdep
elseif(cvar(1:lv).eq.'vaphailt') then ! can be -/+ for evap vs vapdep
elseif(cvar(1:lv).eq.'vapdrizt') then ! can be -/+ for evap vs vapdep
elseif(cvar(1:lv).eq.'meltprist') then
elseif(cvar(1:lv).eq.'meltsnowt') then
elseif(cvar(1:lv).eq.'meltaggrt') then
elseif(cvar(1:lv).eq.'meltgraut') then
elseif(cvar(1:lv).eq.'melthailt') then
elseif(cvar(1:lv).eq.'rimecldsnowt') then
elseif(cvar(1:lv).eq.'rimecldaggrt') then
elseif(cvar(1:lv).eq.'rimecldgraut') then
elseif(cvar(1:lv).eq.'rimecldhailt') then
elseif(cvar(1:lv).eq.'rain2prt') then
elseif(cvar(1:lv).eq.'rain2snt') then
elseif(cvar(1:lv).eq.'rain2agt') then
elseif(cvar(1:lv).eq.'rain2grt') then
elseif(cvar(1:lv).eq.'rain2hat') then
elseif(cvar(1:lv).eq.'aggrselfprist') then
elseif(cvar(1:lv).eq.'aggrselfsnowt') then
elseif(cvar(1:lv).eq.'aggrprissnowt') then
elseif(cvar(1:lv).eq.'dust1cldrt') then
elseif(cvar(1:lv).eq.'dust2cldrt') then
elseif(cvar(1:lv).eq.'dust1drzrt') then
elseif(cvar(1:lv).eq.'dust2drzrt') then
elseif(cvar(1:lv).eq.'vt_nuccldrt') then
elseif(cvar(1:lv).eq.'vt_cld2raint') then
elseif(cvar(1:lv).eq.'vt_ice2raint') then
elseif(cvar(1:lv).eq.'vt_nucicert') then
elseif(cvar(1:lv).eq.'vt_vapliqt') then
elseif(cvar(1:lv).eq.'vt_vapicet') then
elseif(cvar(1:lv).eq.'vt_melticet') then
elseif(cvar(1:lv).eq.'vt_rimecldt') then
elseif(cvar(1:lv).eq.'vt_rain2icet') then
elseif(cvar(1:lv).eq.'vt_aggregatet') then
elseif(cvar(1:lv).eq.'vt_inuchomrt') then
elseif(cvar(1:lv).eq.'vt_inuccontrt') then
elseif(cvar(1:lv).eq.'vt_inucifnrt') then
elseif(cvar(1:lv).eq.'vt_inuchazrt') then
elseif(cvar(1:lv).eq.'vt_vapcldt') then
elseif(cvar(1:lv).eq.'vt_vapraint') then
elseif(cvar(1:lv).eq.'vt_vapprist') then
elseif(cvar(1:lv).eq.'vt_vapsnowt') then
elseif(cvar(1:lv).eq.'vt_vapaggrt') then
elseif(cvar(1:lv).eq.'vt_vapgraut') then
elseif(cvar(1:lv).eq.'vt_vaphailt') then
elseif(cvar(1:lv).eq.'vt_vapdrizt') then
elseif(cvar(1:lv).eq.'vt_meltprist') then
elseif(cvar(1:lv).eq.'vt_meltsnowt') then
elseif(cvar(1:lv).eq.'vt_meltaggrt') then
elseif(cvar(1:lv).eq.'vt_meltgraut') then
elseif(cvar(1:lv).eq.'vt_melthailt') then
elseif(cvar(1:lv).eq.'vt_rimecldsnowt') then
elseif(cvar(1:lv).eq.'vt_rimecldaggrt') then
elseif(cvar(1:lv).eq.'vt_rimecldgraut') then
elseif(cvar(1:lv).eq.'vt_rimecldhailt') then
elseif(cvar(1:lv).eq.'vt_rain2prt') then
elseif(cvar(1:lv).eq.'vt_rain2snt') then
elseif(cvar(1:lv).eq.'vt_rain2agt') then
elseif(cvar(1:lv).eq.'vt_rain2grt') then
elseif(cvar(1:lv).eq.'vt_rain2hat') then
elseif(cvar(1:lv).eq.'vt_aggrselfprist') then
elseif(cvar(1:lv).eq.'vt_aggrselfsnowt') then
elseif(cvar(1:lv).eq.'vt_aggrprissnowt') then
elseif(cvar(1:lv).eq.'vt_dust1cldrt') then
elseif(cvar(1:lv).eq.'vt_dust2cldrt') then
elseif(cvar(1:lv).eq.'vt_dust1drzrt') then
elseif(cvar(1:lv).eq.'vt_dust2drzrt') then
elseif(cvar(1:lv).eq.'cloudtop_diam') then
elseif(cvar(1:lv).eq.'cloud_diam') then
elseif(cvar(1:lv).eq.'rain_diam') then
elseif(cvar(1:lv).eq.'pris_diam') then
elseif(cvar(1:lv).eq.'snow_diam') then
elseif(cvar(1:lv).eq.'agg_diam') then
elseif(cvar(1:lv).eq.'graup_diam') then
elseif(cvar(1:lv).eq.'hail_diam') then
elseif(cvar(1:lv).eq.'drizzle_diam') then
elseif(cvar(1:lv).eq.'q2') then
elseif(cvar(1:lv).eq.'q6') then
elseif(cvar(1:lv).eq.'q7') then
elseif(cvar(1:lv).eq.'rain_temp') then
elseif(cvar(1:lv).eq.'graup_temp') then
elseif(cvar(1:lv).eq.'hail_temp') then
elseif(cvar(1:lv).eq.'rain_air_tempdif') then
elseif(cvar(1:lv).eq.'graup_air_tempdif') then
elseif(cvar(1:lv).eq.'hail_air_tempdif') then
elseif(cvar(1:lv).eq.'graup_fracliq') then
elseif(cvar(1:lv).eq.'hail_fracliq') then
elseif(cvar(1:lv).eq.'geo') then
elseif(cvar(1:lv).eq.'tke') then
elseif(cvar(1:lv).eq.'pbl_ht') then
elseif(cvar(1:lv).eq.'reflect_all') then
elseif(cvar(1:lv).eq.'cuparm_thetasrc') then
elseif(cvar(1:lv).eq.'cuparm_rtsrc') then
elseif(cvar(1:lv).eq.'khh') then
elseif(cvar(1:lv).eq.'khv') then
elseif(cvar(1:lv).eq.'visibility') then
elseif(cvar(1:lv).eq.'swup') then
elseif(cvar(1:lv).eq.'swdn') then
elseif(cvar(1:lv).eq.'lwup') then
elseif(cvar(1:lv).eq.'lwdn') then
elseif(cvar(1:lv).eq.'aodt') then
elseif(cvar(1:lv).eq.'rad_thetasrc') then
elseif(cvar(1:lv).eq.'column_net_rad_flx') then
elseif(cvar(1:lv).eq.'sum_rad_flx') then
elseif(cvar(1:lv).eq.'sw_heat_rate') then
elseif(cvar(1:lv).eq.'lw_heat_rate') then
elseif(cvar(1:lv).eq.'accpr') then
elseif(cvar(1:lv).eq.'accpp') then
elseif(cvar(1:lv).eq.'accps') then
elseif(cvar(1:lv).eq.'accpa') then
elseif(cvar(1:lv).eq.'accpg') then
elseif(cvar(1:lv).eq.'accph') then
elseif(cvar(1:lv).eq.'accpd') then
elseif(cvar(1:lv).eq.'accpaero') then
elseif(cvar(1:lv).eq.'accpdust') then
elseif(cvar(1:lv).eq.'dustfrac') then
elseif(cvar(1:lv).eq.'totpcp'    .or. &
elseif(cvar(1:lv).eq.'pcprr') then
elseif(cvar(1:lv).eq.'pcpvr') then
elseif(cvar(1:lv).eq.'pcprp') then
elseif(cvar(1:lv).eq.'pcpvp') then
elseif(cvar(1:lv).eq.'pcprs') then
elseif(cvar(1:lv).eq.'pcpvs') then
elseif(cvar(1:lv).eq.'pcpra') then
elseif(cvar(1:lv).eq.'pcpva') then
elseif(cvar(1:lv).eq.'pcprg') then
elseif(cvar(1:lv).eq.'pcpvg') then
elseif(cvar(1:lv).eq.'pcprh') then
elseif(cvar(1:lv).eq.'pcpvh') then
elseif(cvar(1:lv).eq.'pcprd') then
elseif(cvar(1:lv).eq.'pcpvd') then
elseif(cvar(1:lv).eq.'pcpg') then
elseif(cvar(1:lv).eq.'qpcpg') then
elseif(cvar(1:lv).eq.'dpcpg') then
elseif(cvar(1:lv).eq.'pcprate'    .or. &
   elseif(cvar(1:lv)=='pcprate_in'.or.cvar(1:lv)=='precipr_in') then
elseif(cvar(1:lv).eq.'conpcp') then
elseif(cvar(1:lv).eq.'acccon') then
elseif(cvar(1:lv).eq.'vertmax_w') then
elseif(cvar(1:lv).eq.'vertmin_w') then
elseif(cvar(1:lv).eq.'vertavg_w') then
elseif(cvar(1:lv).eq.'vertint_rt' .or. &
elseif(cvar(1:lv).eq.'vertint_orig') then
elseif(cvar(1:lv).eq.'vertint_vapor') then
elseif(cvar(1:lv).eq.'vertint_liq') then
elseif(cvar(1:lv).eq.'vertint_ice') then
elseif(cvar(1:lv).eq.'vertint_cloud') then
elseif(cvar(1:lv).eq.'vertint_driz') then
elseif(cvar(1:lv).eq.'vertint_rain') then
elseif(cvar(1:lv).eq.'vertint_pris') then
elseif(cvar(1:lv).eq.'vertint_snow') then
elseif(cvar(1:lv).eq.'vertint_aggr') then
elseif(cvar(1:lv).eq.'vertint_graupel') then
elseif(cvar(1:lv).eq.'vertint_hail') then
elseif(cvar(1:lv).eq.'vertint_dust') then
elseif(cvar(1:lv).eq.'vertint_dust_hydro') then
elseif(cvar(1:lv).eq.'snowdepthonice') then
elseif(cvar(1:lv).eq.'cicedepth') then
elseif(cvar(1:lv).eq.'cicefract') then
elseif(cvar(1:lv).eq.'cicetemp') then
elseif(cvar(1:lv).eq.'cicerough') then
elseif(cvar(1:lv).eq.'sens_flux') then
elseif(cvar(1:lv).eq.'lat_flux') then
elseif(cvar(1:lv).eq.'etrans') then
elseif(cvar(1:lv).eq.'etrans_in') then
elseif(cvar(1:lv).eq.'umom_flx') then
elseif(cvar(1:lv).eq.'vmom_flx') then
elseif(cvar(1:lv).eq.'wmom_flx') then
elseif(cvar(1:lv).eq.'bowen') then
elseif(cvar(1:lv).eq.'rshort') then
elseif(cvar(1:lv).eq.'rlong') then
elseif(cvar(1:lv).eq.'rlongup') then
elseif(cvar(1:lv).eq.'albedt') then
elseif(cvar(1:lv).eq.'topt') then
elseif(cvar(1:lv).eq.'lat') then
elseif(cvar(1:lv).eq.'lon') then
elseif(cvar(1:lv).eq.'sea_press') then
elseif(cvar(1:lv).eq.'sfc_div') then
elseif(cvar(1:lv).eq.'sst') then
elseif(cvar(1:lv).eq.'patch_area') then
elseif(cvar(1:lv).eq.'water') then
elseif(cvar(1:lv).eq.'land') then
elseif(cvar(1:lv).eq.'snow_levels') then
elseif(cvar(1:lv).eq.'snow_depth_ps') then
elseif(cvar(1:lv).eq.'snow_mass_ps') then
elseif(cvar(1:lv).eq.'snow_temp_ps') then
elseif(cvar(1:lv).eq.'topo_z0_ps') then
elseif(cvar(1:lv).eq.'net_z0_ps') then
elseif(cvar(1:lv).eq.'soil_z0_ps') then
elseif(cvar(1:lv).eq.'veg_z0_ps') then
elseif(cvar(1:lv).eq.'veg_ndvi_ps') then
elseif(cvar(1:lv).eq.'veg_class_bp') then
elseif(cvar(1:lv).eq.'veg_albedo_ps') then
elseif(cvar(1:lv).eq.'veg_fracarea_ps') then
elseif(cvar(1:lv).eq.'veg_lai_ps') then
elseif(cvar(1:lv).eq.'veg_disp_ps') then
elseif(cvar(1:lv).eq.'canopy_mixrat_ps') then
elseif(cvar(1:lv).eq.'grnd_mixrat_ps') then
elseif(cvar(1:lv).eq.'soil_mixrat_ps') then
elseif(cvar(1:lv).eq.'veg_moist_ps') then
elseif(cvar(1:lv).eq.'veg_temp_ps') then
elseif(cvar(1:lv).eq.'canopy_tempc_ps') then
elseif(cvar(1:lv).eq.'canopy_tempf_ps') then
elseif(cvar(1:lv).eq.'ustar_ps') then
elseif(cvar(1:lv).eq.'tstar_ps') then
elseif(cvar(1:lv).eq.'rstar_ps') then
elseif(cvar(1:lv).eq.'sltex_bp') then
elseif(cvar(1:lv).eq.'soilq_ps') then
elseif(cvar(1:lv).eq.'soil_temp_ps') then
elseif(cvar(1:lv).eq.'soil_moist_ps') then
elseif(cvar(1:lv).eq.'soil_moistfrac_ps') then
elseif(cvar(1:lv).eq.'5050_tempc_ps' .or. &
elseif(cvar(1:lv).eq.'co2_concen') then
elseif(cvar(1:lv).eq.'snow1_ps') then
elseif(cvar(1:lv).eq.'snow2_ps') then
elseif(cvar(1:lv).eq.'capac1_ps') then
elseif(cvar(1:lv).eq.'capac2_ps') then
elseif(cvar(1:lv).eq.'pco2ap_ps') then
elseif(cvar(1:lv).eq.'co2flx_ps') then
elseif(cvar(1:lv).eq.'sfcswa_ps') then
elseif(cvar(1:lv).eq.'uplwrf_ps') then
elseif(cvar(1:lv).eq.'assimn_ps') then
elseif(cvar(1:lv).eq.'respg_ps') then
elseif(cvar(1:lv).eq.'rstfac1_ps') then
elseif(cvar(1:lv).eq.'rstfac2_ps') then
elseif(cvar(1:lv).eq.'rstfac3_ps') then
elseif(cvar(1:lv).eq.'ect_ps') then
elseif(cvar(1:lv).eq.'eci_ps') then
elseif(cvar(1:lv).eq.'egi_ps') then
elseif(cvar(1:lv).eq.'egs_ps') then
elseif(cvar(1:lv).eq.'hc_ps') then
elseif(cvar(1:lv).eq.'hg_ps') then
elseif(cvar(1:lv).eq.'ra_ps') then
elseif(cvar(1:lv).eq.'rb_ps') then
elseif(cvar(1:lv).eq.'rc_ps') then
elseif(cvar(1:lv).eq.'rd_ps') then
elseif(cvar(1:lv).eq.'roff_ps') then
elseif(cvar(1:lv).eq.'green_ps') then
elseif(cvar(1:lv).eq.'apar_ps') then
elseif(cvar(1:lv).eq.'ventmf_ps') then
elseif(cvar(1:lv).eq.'pco2c_ps') then
elseif(cvar(1:lv).eq.'pco2i_ps') then
elseif(cvar(1:lv).eq.'pco2s_ps') then
elseif(cvar(1:lv).eq.'pco2m_ps') then
elseif(cvar(1:lv).eq.'ea_ps') then
elseif(cvar(1:lv).eq.'em_ps') then
elseif(cvar(1:lv).eq.'rha_ps') then
elseif(cvar(1:lv).eq.'radvbc_ps') then
elseif(cvar(1:lv).eq.'radvdc_ps') then
elseif(cvar(1:lv).eq.'radnbc_ps') then
elseif(cvar(1:lv).eq.'radndc_ps') then
elseif(cvar(1:lv).eq.'psy_ps') then
elseif(cvar(1:lv).eq.'kpp_hmix') then
elseif(cvar(1:lv).eq.'kpp_ocdepth') then
elseif(cvar(1:lv).eq.'kpp_flx_ust') then
elseif(cvar(1:lv).eq.'kpp_flx_vst') then
elseif(cvar(1:lv).eq.'kpp_flx_nsw') then
elseif(cvar(1:lv).eq.'kpp_flx_nlw') then
elseif(cvar(1:lv).eq.'kpp_flx_ice') then
elseif(cvar(1:lv).eq.'kpp_flx_pcp') then
elseif(cvar(1:lv).eq.'kpp_depth_temp') then
elseif(cvar(1:lv).eq.'kpp_depth_salinity') then
elseif(cvar(1:lv).eq.'tracer001') then
elseif(cvar(1:lv).eq.'tracer002') then
elseif(cvar(1:lv).eq.'tracer003') then
elseif(cvar(1:lv).eq.'tracer004') then
elseif(cvar(1:lv).eq.'tracer005') then
elseif(cvar(1:lv).eq.'tracer006') then
